<?xml version="1.0" encoding="UTF-8"?>
<!-- Generated by org.testng.reporters.JUnitXMLReporter -->
<testsuite ignored="0" hostname="DESKTOP-06RECOG" failures="0" tests="4" name="Default test" time="0.091" errors="0" timestamp="2023-09-25T10:35:59 IST">
  <testcase classname="Demo1.priorityDemo" name="method4" time="0.01"/>
  <testcase classname="Demo1.priorityDemo" name="method3" time="0.002"/>
  <testcase classname="Demo1.priorityDemo" name="method2" time="0.007"/>
  <testcase classname="Demo1.priorityDemo" name="method1" time="0.002"/>
</testsuite> <!-- Default test -->
