<?xml version="1.0" encoding="UTF-8"?>
<testng-results ignored="0" total="4" passed="4" failed="0" skipped="0">
  <reporter-output>
  </reporter-output>
  <suite started-at="2023-09-25T10:35:59 IST" name="Default suite" finished-at="2023-09-25T10:35:59 IST" duration-ms="91">
    <groups>
    </groups>
    <test started-at="2023-09-25T10:35:59 IST" name="Default test" finished-at="2023-09-25T10:35:59 IST" duration-ms="91">
      <class name="Demo1.priorityDemo">
        <test-method signature="method4()[pri:-1, instance:Demo1.priorityDemo@6ca8564a]" started-at="2023-09-25T10:35:59 IST" name="method4" finished-at="2023-09-25T10:35:59 IST" duration-ms="10" status="PASS">
          <reporter-output>
          </reporter-output>
        </test-method> <!-- method4 -->
        <test-method signature="method3()[pri:0, instance:Demo1.priorityDemo@6ca8564a]" started-at="2023-09-25T10:35:59 IST" name="method3" finished-at="2023-09-25T10:35:59 IST" duration-ms="2" status="PASS">
          <reporter-output>
          </reporter-output>
        </test-method> <!-- method3 -->
        <test-method signature="method2()[pri:1, instance:Demo1.priorityDemo@6ca8564a]" started-at="2023-09-25T10:35:59 IST" name="method2" finished-at="2023-09-25T10:35:59 IST" duration-ms="7" status="PASS">
          <reporter-output>
          </reporter-output>
        </test-method> <!-- method2 -->
        <test-method signature="method1()[pri:2, instance:Demo1.priorityDemo@6ca8564a]" started-at="2023-09-25T10:35:59 IST" name="method1" finished-at="2023-09-25T10:35:59 IST" duration-ms="2" status="PASS">
          <reporter-output>
          </reporter-output>
        </test-method> <!-- method1 -->
      </class> <!-- Demo1.priorityDemo -->
    </test> <!-- Default test -->
  </suite> <!-- Default suite -->
</testng-results>
